<?xml version="1.0" encoding="UTF-8"?>
<testsuite xmlns:xsi="http://www.w3.org/2001/XMLSchema-instance" xsi:noNamespaceSchemaLocation="https://maven.apache.org/surefire/maven-surefire-plugin/xsd/surefire-test-report-3.0.xsd" version="3.0" name="UpdateBookingTest" time="6.083" tests="1" errors="0" skipped="0" failures="0">
  <properties>
[...]
</properties>
  <testcase name="updateBookingTest" classname="UpdateBookingTest" time="5.232">
    <system-out><![CDATA[HTTP/1.1 200 OK
Content-Length: 174
Content-Type: application/json; charset=utf-8
Date: Tue, 28 Apr 2026 13:31:20 GMT
Etag: W/"ae-//H+A9RzI8gzZC4flbPeUumGJDQ"
Nel: {"report_to":"heroku-nel","response_headers":["Via"],"max_age":3600,"success_fraction":0.01,"failure_fraction":0.1}
Report-To: {"group":"heroku-nel","endpoints":[{"url":"https://nel.heroku.com/reports?s=18GzC8DMxMM0r%2BCWXsZXNGyMsejTSINYMxHItp6TJSQ%3D\u0026sid=c46efe9b-d3d2-4a0c-8c76-bfafa16c5add\u0026ts=1777383080"}],"max_age":3600}
Reporting-Endpoints: heroku-nel="https://nel.heroku.com/reports?s=18GzC8DMxMM0r%2BCWXsZXNGyMsejTSINYMxHItp6TJSQ%3D&sid=c46efe9b-d3d2-4a0c-8c76-bfafa16c5add&ts=1777383080"
Server: Heroku
Via: 1.1 heroku-router
X-Powered-By: Express

{
    "firstname": "Vivien",
    "lastname": "Westwood",
    "totalprice": 150,
    "depositpaid": true,
    "bookingdates": {
        "checkin": "2026-05-01",
        "checkout": "2026-05-10"
    },
    "additionalneeds": "Breakfast"
}
]]></system-out>
    <system-err><![CDATA[SLF4J: Failed to load class "org.slf4j.impl.StaticLoggerBinder".
SLF4J: Defaulting to no-operation (NOP) logger implementation
SLF4J: See http://www.slf4j.org/codes.html#StaticLoggerBinder for further details.
]]></system-err>
  </testcase>
</testsuite>